  ฮ“รปโ–“ Next.js 14.2.35

   Creating an optimized production build ...
 ฮ“ยฃรด Compiled successfully
   Linting and checking validity of types ...
   Collecting page data ...
   Generating static pages (0/15) ...
   Generating static pages (3/15) 
   Generating static pages (7/15) 
   Generating static pages (11/15) 
 ฮ“ยฃรด Generating static pages (15/15)
   Finalizing page optimization ...
   Collecting build traces ...

Route (app)                              Size     First Load JS
ฮ“รถรฎ ฮ“รนรฏ /                                    8.12 kB         196 kB
ฮ“รถยฃ ฮ“รนรฏ /_not-found                          138 B          87.4 kB
ฮ“รถยฃ ฮ“รนรฏ /about                               1.14 kB         178 kB
ฮ“รถยฃ ฮ“รนรฏ /achievements                        1.9 kB          134 kB
ฮ“รถยฃ ฮ“รนรฏ /admin                               2.99 kB         138 kB
ฮ“รถยฃ ฮ“รนรฏ /contact                             2.79 kB         130 kB
ฮ“รถยฃ ฮ“รนรฏ /join                                3 kB            138 kB
ฮ“รถยฃ ฮ“รนรฏ /join/donate                         1.51 kB         128 kB
ฮ“รถยฃ ฮ“รนรฏ /join/member                         1.46 kB         128 kB
ฮ“รถยฃ ฮ“รนรฏ /join/volunteer                      2.88 kB         130 kB
ฮ“รถยฃ ฮ“รนรฏ /login                               1.82 kB         134 kB
ฮ“รถรถ ฮ“รนรฏ /media                               2.24 kB         134 kB
+ First Load JS shared by all            87.3 kB
  ฮ“รถยฃ chunks/2200cc46-3b264c02f307c332.js  53.6 kB
  ฮ“รถยฃ chunks/945-9dff59abcf30ca8b.js       31.7 kB
  ฮ“รถรถ other shared chunks (total)          1.95 kB


ฮ“รนรฏ  (Static)  prerendered as static content

